<?xml version="1.0" encoding="UTF-8"?>
<!-- Generated by org.testng.reporters.JUnitReportReporter -->
<testsuite hostname="DESKTOP-AM0VO6L" failures="0" tests="2" name="tests.DunnesHomeTest" time="20.160" errors="0" timestamp="2021-01-27T13:04:42 GMT" skipped="0">
  <testcase classname="tests.DunnesHomeTest" name="loginApplication" time="10.460"/>
  <system-out/>
  <testcase classname="tests.DunnesHomeTest" name="loginApplication2" time="9.700"/>
  <system-out/>
</testsuite> <!-- tests.DunnesHomeTest -->
